<html>
<head>
<title>TestNG:  Test</title>
<link href="../testng.css" rel="stylesheet" type="text/css" />
<link href="../my-testng.css" rel="stylesheet" type="text/css" />

<style type="text/css">
.log { display: none;} 
.stack-trace { display: none;} 
</style>
<script type="text/javascript">
<!--
function flip(e) {
  current = e.style.display;
  if (current == 'block') {
    e.style.display = 'none';
    return 0;
  }
  else {
    e.style.display = 'block';
    return 1;
  }
}

function toggleBox(szDivId, elem, msg1, msg2)
{
  var res = -1;  if (document.getElementById) {
    res = flip(document.getElementById(szDivId));
  }
  else if (document.all) {
    // this is the way old msie versions work
    res = flip(document.all[szDivId]);
  }
  if(elem) {
    if(res == 0) elem.innerHTML = msg1; else elem.innerHTML = msg2;
  }

}

function toggleAllBoxes() {
  if (document.getElementsByTagName) {
    d = document.getElementsByTagName('div');
    for (i = 0; i < d.length; i++) {
      if (d[i].className == 'log') {
        flip(d[i]);
      }
    }
  }
}

// -->
</script>

</head>
<body>
<h2 align='center'>Test</h2><table border='1' align="center">
<tr>
<td>Tests passed/Failed/Skipped:</td><td>9/1/0</td>
</tr><tr>
<td>Started on:</td><td>Fri Feb 01 15:17:43 CST 2019</td>
</tr>
<tr><td>Total time:</td><td>374 seconds (374098 ms)</td>
</tr><tr>
<td>Included groups:</td><td></td>
</tr><tr>
<td>Excluded groups:</td><td></td>
</tr>
</table><p/>
<small><i>(Hover the method name to see the test class name)</i></small><p/>
<table width='100%' border='1' class='invocation-failed'>
<tr><td colspan='4' align='center'><b>FAILED TESTS</b></td></tr>
<tr><td><b>Test method</b></td>
<td width="30%"><b>Exception</b></td>
<td width="10%"><b>Time (seconds)</b></td>
<td><b>Instance</b></td>
</tr>
<tr>
<td title='com.cases.TestSAPLogin_dataProvider.SAPlogin()'><b>SAPlogin</b><br>Test class: com.cases.TestSAPLogin_dataProvider<br>Parameters: {password=pwd, CompanyID=PerfCmpVrpH, userName=C01_EMM1}, public void com.cases.TestSAPLogin_dataProvider.SAPlogin(java.util.Map,java.lang.reflect.Method) throws java.lang.Exception</td>
<td><div><pre>java.lang.AssertionError: fail: no such element: Unable to locate element: {&quot;method&quot;:&quot;name&quot;,&quot;selector&quot;:&quot;username&quot;}
  (Session info: chrome=71.0.3578.98)
  (Driver info: chromedriver=2.36.540470 (e522d04694c7ebea4ba8821272dbef4f9b818c91),platform=Windows NT 10.0.17134 x86_64) (WARNING: The server did not provide any stacktrace information)
Command duration or timeout: 5.02 seconds
For documentation on this error, please visit: http://seleniumhq.org/exceptions/no_such_element.html
Build info: version: &apos;2.48.2&apos;, revision: &apos;41bccdd&apos;, time: &apos;2015-10-09 19:59:12&apos;
System info: host: &apos;PVGN56604278A&apos;, ip: &apos;192.168.44.1&apos;, os.name: &apos;Windows 10&apos;, os.arch: &apos;amd64&apos;, os.version: &apos;10.0&apos;, java.version: &apos;1.8.0_191&apos;
Driver info: org.openqa.selenium.chrome.ChromeDriver
Capabilities [{applicationCacheEnabled=false, rotatable=false, mobileEmulationEnabled=false, networkConnectionEnabled=false, chrome={chromedriverVersion=2.36.540470 (e522d04694c7ebea4ba8821272dbef4f9b818c91), userDataDir=C:\Users\c5268556\AppData\Local\Temp\scoped_dir22072_823}, takesHeapSnapshot=true, pageLoadStrategy=normal, databaseEnabled=false, handlesAlerts=true, hasTouchScreen=false, version=71.0.3578.98, platform=XP, browserConnectionEnabled=false, nativeEvents=true, acceptSslCerts=false, acceptInsecureCerts=false, locationContextEnabled=true, webStorageEnabled=true, browserName=chrome, takesScreenshot=true, javascriptEnabled=true, cssSelectorsEnabled=true, setWindowRect=true, unexpectedAlertBehaviour=}]
Session ID: e580baff3f0c7e9d47247e643ce344b0
*** Element info: {Using=name, value=username}
	at com.cases.TestSAPLogin_dataProvider.SAPlogin(TestSAPLogin_dataProvider.java:36)
... Removed 25 stack frames</pre></div><a href='#' onClick='toggleBox("stack-trace1551629761", this, "Click to show all stack frames", "Click to hide stack frames")'>Click to show all stack frames</a>
<div class='stack-trace' id='stack-trace1551629761'><pre>java.lang.AssertionError: fail: no such element: Unable to locate element: {&quot;method&quot;:&quot;name&quot;,&quot;selector&quot;:&quot;username&quot;}
  (Session info: chrome=71.0.3578.98)
  (Driver info: chromedriver=2.36.540470 (e522d04694c7ebea4ba8821272dbef4f9b818c91),platform=Windows NT 10.0.17134 x86_64) (WARNING: The server did not provide any stacktrace information)
Command duration or timeout: 5.02 seconds
For documentation on this error, please visit: http://seleniumhq.org/exceptions/no_such_element.html
Build info: version: &apos;2.48.2&apos;, revision: &apos;41bccdd&apos;, time: &apos;2015-10-09 19:59:12&apos;
System info: host: &apos;PVGN56604278A&apos;, ip: &apos;192.168.44.1&apos;, os.name: &apos;Windows 10&apos;, os.arch: &apos;amd64&apos;, os.version: &apos;10.0&apos;, java.version: &apos;1.8.0_191&apos;
Driver info: org.openqa.selenium.chrome.ChromeDriver
Capabilities [{applicationCacheEnabled=false, rotatable=false, mobileEmulationEnabled=false, networkConnectionEnabled=false, chrome={chromedriverVersion=2.36.540470 (e522d04694c7ebea4ba8821272dbef4f9b818c91), userDataDir=C:\Users\c5268556\AppData\Local\Temp\scoped_dir22072_823}, takesHeapSnapshot=true, pageLoadStrategy=normal, databaseEnabled=false, handlesAlerts=true, hasTouchScreen=false, version=71.0.3578.98, platform=XP, browserConnectionEnabled=false, nativeEvents=true, acceptSslCerts=false, acceptInsecureCerts=false, locationContextEnabled=true, webStorageEnabled=true, browserName=chrome, takesScreenshot=true, javascriptEnabled=true, cssSelectorsEnabled=true, setWindowRect=true, unexpectedAlertBehaviour=}]
Session ID: e580baff3f0c7e9d47247e643ce344b0
*** Element info: {Using=name, value=username}
	at org.testng.Assert.fail(Assert.java:94)
	at com.cases.TestSAPLogin_dataProvider.SAPlogin(TestSAPLogin_dataProvider.java:36)
	at sun.reflect.NativeMethodAccessorImpl.invoke0(Native Method)
	at sun.reflect.NativeMethodAccessorImpl.invoke(Unknown Source)
	at sun.reflect.DelegatingMethodAccessorImpl.invoke(Unknown Source)
	at java.lang.reflect.Method.invoke(Unknown Source)
	at org.testng.internal.MethodInvocationHelper.invokeMethod(MethodInvocationHelper.java:80)
	at org.testng.internal.Invoker.invokeMethod(Invoker.java:714)
	at org.testng.internal.Invoker.invokeTestMethod(Invoker.java:901)
	at org.testng.internal.Invoker.invokeTestMethods(Invoker.java:1231)
	at org.testng.internal.TestMethodWorker.invokeTestMethods(TestMethodWorker.java:127)
	at org.testng.internal.TestMethodWorker.run(TestMethodWorker.java:111)
	at org.testng.TestRunner.privateRun(TestRunner.java:767)
	at org.testng.TestRunner.run(TestRunner.java:617)
	at org.testng.SuiteRunner.runTest(SuiteRunner.java:334)
	at org.testng.SuiteRunner.runSequentially(SuiteRunner.java:329)
	at org.testng.SuiteRunner.privateRun(SuiteRunner.java:291)
	at org.testng.SuiteRunner.run(SuiteRunner.java:240)
	at org.testng.SuiteRunnerWorker.runSuite(SuiteRunnerWorker.java:52)
	at org.testng.SuiteRunnerWorker.run(SuiteRunnerWorker.java:86)
	at org.testng.TestNG.runSuitesSequentially(TestNG.java:1198)
	at org.testng.TestNG.runSuitesLocally(TestNG.java:1123)
	at org.testng.TestNG.run(TestNG.java:1031)
	at org.testng.remote.AbstractRemoteTestNG.run(AbstractRemoteTestNG.java:132)
	at org.testng.remote.RemoteTestNG.initAndRun(RemoteTestNG.java:236)
	at org.testng.remote.RemoteTestNG.main(RemoteTestNG.java:81)
</pre></div></td>
<td>25</td>
<td>com.cases.TestSAPLogin_dataProvider@59fa1d9b</td></tr>
</table><p>
<table width='100%' border='1' class='invocation-passed'>
<tr><td colspan='4' align='center'><b>PASSED TESTS</b></td></tr>
<tr><td><b>Test method</b></td>
<td width="30%"><b>Exception</b></td>
<td width="10%"><b>Time (seconds)</b></td>
<td><b>Instance</b></td>
</tr>
<tr>
<td title='com.cases.TestSAPLogin_dataProvider.SAPlogin()'><b>SAPlogin</b><br>Test class: com.cases.TestSAPLogin_dataProvider<br>Parameters: {password=pwd, CompanyID=PerfCmpVrpH, userName=R1AOACJ8}, public void com.cases.TestSAPLogin_dataProvider.SAPlogin(java.util.Map,java.lang.reflect.Method) throws java.lang.Exception</td>
<td></td>
<td>41</td>
<td>com.cases.TestSAPLogin_dataProvider@59fa1d9b</td></tr>
<tr>
<td title='com.cases.TestSAPLogin_dataProvider.SAPlogin()'><b>SAPlogin</b><br>Test class: com.cases.TestSAPLogin_dataProvider<br>Parameters: {password=pwd, CompanyID=PerfCmpVrpH, userName=R1AOGMJ6}, public void com.cases.TestSAPLogin_dataProvider.SAPlogin(java.util.Map,java.lang.reflect.Method) throws java.lang.Exception</td>
<td></td>
<td>26</td>
<td>com.cases.TestSAPLogin_dataProvider@59fa1d9b</td></tr>
<tr>
<td title='com.cases.TestSAPLogin_dataProvider.SAPlogin()'><b>SAPlogin</b><br>Test class: com.cases.TestSAPLogin_dataProvider<br>Parameters: {password=pwd, CompanyID=PerfCmpVrpH, userName=R1AHLNA9}, public void com.cases.TestSAPLogin_dataProvider.SAPlogin(java.util.Map,java.lang.reflect.Method) throws java.lang.Exception</td>
<td></td>
<td>27</td>
<td>com.cases.TestSAPLogin_dataProvider@59fa1d9b</td></tr>
<tr>
<td title='com.cases.TestSAPLogin_dataProvider.SAPlogin()'><b>SAPlogin</b><br>Test class: com.cases.TestSAPLogin_dataProvider<br>Parameters: {password=pwd, CompanyID=PerfCmpVrpH, userName=R1AHUIB0}, public void com.cases.TestSAPLogin_dataProvider.SAPlogin(java.util.Map,java.lang.reflect.Method) throws java.lang.Exception</td>
<td></td>
<td>31</td>
<td>com.cases.TestSAPLogin_dataProvider@59fa1d9b</td></tr>
<tr>
<td title='com.cases.TestSAPLogin_dataProvider.SAPlogin()'><b>SAPlogin</b><br>Test class: com.cases.TestSAPLogin_dataProvider<br>Parameters: {password=pwd, CompanyID=PerfCmpVrpH, userName=R1AFCRK8}, public void com.cases.TestSAPLogin_dataProvider.SAPlogin(java.util.Map,java.lang.reflect.Method) throws java.lang.Exception</td>
<td></td>
<td>28</td>
<td>com.cases.TestSAPLogin_dataProvider@59fa1d9b</td></tr>
<tr>
<td title='com.cases.TestSAPLogin_dataProvider.SAPlogin()'><b>SAPlogin</b><br>Test class: com.cases.TestSAPLogin_dataProvider<br>Parameters: {password=pwd, CompanyID=PerfCmpVrpH, userName=R1AFRLQ0}, public void com.cases.TestSAPLogin_dataProvider.SAPlogin(java.util.Map,java.lang.reflect.Method) throws java.lang.Exception</td>
<td></td>
<td>29</td>
<td>com.cases.TestSAPLogin_dataProvider@59fa1d9b</td></tr>
<tr>
<td title='com.cases.TestSAPLogin_dataProvider.SAPlogin()'><b>SAPlogin</b><br>Test class: com.cases.TestSAPLogin_dataProvider<br>Parameters: {password=pwd, CompanyID=PerfCmpVrpH, userName=4SUCC008}, public void com.cases.TestSAPLogin_dataProvider.SAPlogin(java.util.Map,java.lang.reflect.Method) throws java.lang.Exception</td>
<td></td>
<td>30</td>
<td>com.cases.TestSAPLogin_dataProvider@59fa1d9b</td></tr>
<tr>
<td title='com.cases.TestSAPLogin_dataProvider.SAPlogin()'><b>SAPlogin</b><br>Test class: com.cases.TestSAPLogin_dataProvider<br>Parameters: {password=pwd, CompanyID=PerfCmpVrpH, userName=R1IGMSB5}, public void com.cases.TestSAPLogin_dataProvider.SAPlogin(java.util.Map,java.lang.reflect.Method) throws java.lang.Exception</td>
<td></td>
<td>25</td>
<td>com.cases.TestSAPLogin_dataProvider@59fa1d9b</td></tr>
<tr>
<td title='com.cases.TestSAPLogin_dataProvider.SAPlogin()'><b>SAPlogin</b><br>Test class: com.cases.TestSAPLogin_dataProvider<br>Parameters: {password=pwd, CompanyID=PerfCmpVrpH, userName=R1IAJNG6}, public void com.cases.TestSAPLogin_dataProvider.SAPlogin(java.util.Map,java.lang.reflect.Method) throws java.lang.Exception</td>
<td></td>
<td>26</td>
<td>com.cases.TestSAPLogin_dataProvider@59fa1d9b</td></tr>
</table><p>
</body>
</html>