<?xml version="1.0" encoding="UTF-8"?>
<!-- Generated by org.testng.reporters.JUnitXMLReporter -->
<testsuite hostname="PVGN56604278A" name="Test" tests="10" failures="1" timestamp="1 Feb 2019 07:23:57 GMT" time="374.098" errors="0">
  <testcase name="SAPlogin" time="41.206" classname="com.cases.TestSAPLogin_dataProvider"/>
  <testcase name="SAPlogin" time="26.245" classname="com.cases.TestSAPLogin_dataProvider"/>
  <testcase name="SAPlogin" time="27.232" classname="com.cases.TestSAPLogin_dataProvider"/>
  <testcase name="SAPlogin" time="31.483" classname="com.cases.TestSAPLogin_dataProvider"/>
  <testcase name="SAPlogin" time="28.74" classname="com.cases.TestSAPLogin_dataProvider"/>
  <testcase name="SAPlogin" time="29.457" classname="com.cases.TestSAPLogin_dataProvider"/>
  <testcase name="SAPlogin" time="25.173" classname="com.cases.TestSAPLogin_dataProvider">
    <failure type="java.lang.AssertionError" message="fail: no such element: Unable to locate element: {&amp;quot;method&amp;quot;:&amp;quot;name&amp;quot;,&amp;quot;selector&amp;quot;:&amp;quot;username&amp;quot;}
  (Session info: chrome=71.0.3578.98)
  (Driver info: chromedriver=2.36.540470 (e522d04694c7ebea4ba8821272dbef4f9b818c91),platform=Windows NT 10.0.17134 x86_64) (WARNING: The server did not provide any stacktrace information)
Command duration or timeout: 5.02 seconds
For documentation on this error, please visit: http://seleniumhq.org/exceptions/no_such_element.html
Build info: version: &amp;apos;2.48.2&amp;apos;, revision: &amp;apos;41bccdd&amp;apos;, time: &amp;apos;2015-10-09 19:59:12&amp;apos;
System info: host: &amp;apos;PVGN56604278A&amp;apos;, ip: &amp;apos;192.168.44.1&amp;apos;, os.name: &amp;apos;Windows 10&amp;apos;, os.arch: &amp;apos;amd64&amp;apos;, os.version: &amp;apos;10.0&amp;apos;, java.version: &amp;apos;1.8.0_191&amp;apos;
Driver info: org.openqa.selenium.chrome.ChromeDriver
Capabilities [{applicationCacheEnabled=false, rotatable=false, mobileEmulationEnabled=false, networkConnectionEnabled=false, chrome={chromedriverVersion=2.36.540470 (e522d04694c7ebea4ba8821272dbef4f9b818c91), userDataDir=C:\Users\c5268556\AppData\Local\Temp\scoped_dir22072_823}, takesHeapSnapshot=true, pageLoadStrategy=normal, databaseEnabled=false, handlesAlerts=true, hasTouchScreen=false, version=71.0.3578.98, platform=XP, browserConnectionEnabled=false, nativeEvents=true, acceptSslCerts=false, acceptInsecureCerts=false, locationContextEnabled=true, webStorageEnabled=true, browserName=chrome, takesScreenshot=true, javascriptEnabled=true, cssSelectorsEnabled=true, setWindowRect=true, unexpectedAlertBehaviour=}]
Session ID: e580baff3f0c7e9d47247e643ce344b0
*** Element info: {Using=name, value=username}">
      <![CDATA[java.lang.AssertionError: fail: no such element: Unable to locate element: {"method":"name","selector":"username"}
  (Session info: chrome=71.0.3578.98)
  (Driver info: chromedriver=2.36.540470 (e522d04694c7ebea4ba8821272dbef4f9b818c91),platform=Windows NT 10.0.17134 x86_64) (WARNING: The server did not provide any stacktrace information)
Command duration or timeout: 5.02 seconds
For documentation on this error, please visit: http://seleniumhq.org/exceptions/no_such_element.html
Build info: version: '2.48.2', revision: '41bccdd', time: '2015-10-09 19:59:12'
System info: host: 'PVGN56604278A', ip: '192.168.44.1', os.name: 'Windows 10', os.arch: 'amd64', os.version: '10.0', java.version: '1.8.0_191'
Driver info: org.openqa.selenium.chrome.ChromeDriver
Capabilities [{applicationCacheEnabled=false, rotatable=false, mobileEmulationEnabled=false, networkConnectionEnabled=false, chrome={chromedriverVersion=2.36.540470 (e522d04694c7ebea4ba8821272dbef4f9b818c91), userDataDir=C:\Users\c5268556\AppData\Local\Temp\scoped_dir22072_823}, takesHeapSnapshot=true, pageLoadStrategy=normal, databaseEnabled=false, handlesAlerts=true, hasTouchScreen=false, version=71.0.3578.98, platform=XP, browserConnectionEnabled=false, nativeEvents=true, acceptSslCerts=false, acceptInsecureCerts=false, locationContextEnabled=true, webStorageEnabled=true, browserName=chrome, takesScreenshot=true, javascriptEnabled=true, cssSelectorsEnabled=true, setWindowRect=true, unexpectedAlertBehaviour=}]
Session ID: e580baff3f0c7e9d47247e643ce344b0
*** Element info: {Using=name, value=username}
	at com.cases.TestSAPLogin_dataProvider.SAPlogin(TestSAPLogin_dataProvider.java:36)
... Removed 25 stack frames]]>
    </failure>
  </testcase> <!-- SAPlogin -->
  <testcase name="SAPlogin" time="30.46" classname="com.cases.TestSAPLogin_dataProvider"/>
  <testcase name="SAPlogin" time="25.549" classname="com.cases.TestSAPLogin_dataProvider"/>
  <testcase name="SAPlogin" time="26.049" classname="com.cases.TestSAPLogin_dataProvider"/>
</testsuite> <!-- Test -->
